[Wed Mar 19 15:19:14.294746 2025] [mpm_winnt:notice] [pid 39100:tid 548] AH00455: Apache/2.4.58 (Win64) PHP/8.3.0 configured -- resuming normal operations
[Wed Mar 19 15:19:14.294746 2025] [mpm_winnt:notice] [pid 39100:tid 548] AH00456: Apache Lounge VS17 Server built: Oct 18 2023 13:03:18
[Wed Mar 19 15:19:14.294746 2025] [core:notice] [pid 39100:tid 548] AH00094: Command line: 'C:\\Users\\John\\Desktop\\UniServerZ\\core\\apache2\\bin\\httpd_z.exe -d C:/Users/John/Desktop/UniServerZ/core/apache2 -f C:\\Users\\John\\Desktop\\UniServerZ\\core\\apache2\\conf\\httpd.conf -d C:\\Users\\John\\Desktop\\UniServerZ\\core\\apache2'
[Wed Mar 19 15:19:14.315899 2025] [mpm_winnt:notice] [pid 39100:tid 548] AH00418: Parent: Created child process 34268
[Wed Mar 19 15:19:15.287326 2025] [mpm_winnt:notice] [pid 34268:tid 544] AH00354: Child: Starting 150 worker threads.
[Wed Mar 19 15:57:43.145837 2025] [core:warn] [pid 14620:tid 548] AH00098: pid file C:/Users/John/Desktop/UniServerZ/core/apache2/logs/httpd.pid overwritten -- Unclean shutdown of previous Apache run?
[Wed Mar 19 15:57:43.196508 2025] [mpm_winnt:notice] [pid 14620:tid 548] AH00455: Apache/2.4.58 (Win64) PHP/8.3.0 configured -- resuming normal operations
[Wed Mar 19 15:57:43.196508 2025] [mpm_winnt:notice] [pid 14620:tid 548] AH00456: Apache Lounge VS17 Server built: Oct 18 2023 13:03:18
[Wed Mar 19 15:57:43.196508 2025] [core:notice] [pid 14620:tid 548] AH00094: Command line: 'C:\\Users\\John\\Desktop\\UniServerZ\\core\\apache2\\bin\\httpd_z.exe -d C:/Users/John/Desktop/UniServerZ/core/apache2 -f C:\\Users\\John\\Desktop\\UniServerZ\\core\\apache2\\conf\\httpd.conf -d C:\\Users\\John\\Desktop\\UniServerZ\\core\\apache2'
[Wed Mar 19 15:57:43.203594 2025] [mpm_winnt:notice] [pid 14620:tid 548] AH00418: Parent: Created child process 41688
[Wed Mar 19 15:57:44.096786 2025] [mpm_winnt:notice] [pid 41688:tid 544] AH00354: Child: Starting 150 worker threads.
[Wed Mar 19 16:18:15.591999 2025] [core:warn] [pid 38500:tid 548] AH00098: pid file C:/Users/John/Desktop/UniServerZ/core/apache2/logs/httpd.pid overwritten -- Unclean shutdown of previous Apache run?
[Wed Mar 19 16:18:15.645685 2025] [mpm_winnt:notice] [pid 38500:tid 548] AH00455: Apache/2.4.58 (Win64) PHP/8.3.0 configured -- resuming normal operations
[Wed Mar 19 16:18:15.645685 2025] [mpm_winnt:notice] [pid 38500:tid 548] AH00456: Apache Lounge VS17 Server built: Oct 18 2023 13:03:18
[Wed Mar 19 16:18:15.645685 2025] [core:notice] [pid 38500:tid 548] AH00094: Command line: 'C:\\Users\\John\\Desktop\\UniServerZ\\core\\apache2\\bin\\httpd_z.exe -d C:/Users/John/Desktop/UniServerZ/core/apache2 -f C:\\Users\\John\\Desktop\\UniServerZ\\core\\apache2\\conf\\httpd.conf -d C:\\Users\\John\\Desktop\\UniServerZ\\core\\apache2'
[Wed Mar 19 16:18:15.652691 2025] [mpm_winnt:notice] [pid 38500:tid 548] AH00418: Parent: Created child process 44092
[Wed Mar 19 16:18:16.617953 2025] [mpm_winnt:notice] [pid 44092:tid 556] AH00354: Child: Starting 150 worker threads.
[Wed Mar 19 16:48:07.451398 2025] [core:warn] [pid 30188:tid 552] AH00098: pid file C:/Users/John/Desktop/UniServerZ/core/apache2/logs/httpd.pid overwritten -- Unclean shutdown of previous Apache run?
[Wed Mar 19 16:48:07.513031 2025] [mpm_winnt:notice] [pid 30188:tid 552] AH00455: Apache/2.4.58 (Win64) PHP/8.3.0 configured -- resuming normal operations
[Wed Mar 19 16:48:07.513031 2025] [mpm_winnt:notice] [pid 30188:tid 552] AH00456: Apache Lounge VS17 Server built: Oct 18 2023 13:03:18
[Wed Mar 19 16:48:07.513031 2025] [core:notice] [pid 30188:tid 552] AH00094: Command line: 'C:\\Users\\John\\Desktop\\UniServerZ\\core\\apache2\\bin\\httpd_z.exe -d C:/Users/John/Desktop/UniServerZ/core/apache2 -f C:\\Users\\John\\Desktop\\UniServerZ\\core\\apache2\\conf\\httpd.conf -d C:\\Users\\John\\Desktop\\UniServerZ\\core\\apache2'
[Wed Mar 19 16:48:07.522202 2025] [mpm_winnt:notice] [pid 30188:tid 552] AH00418: Parent: Created child process 23412
[Wed Mar 19 16:48:09.588290 2025] [mpm_winnt:notice] [pid 23412:tid 556] AH00354: Child: Starting 150 worker threads.
[Wed Mar 19 16:50:34.922577 2025] [core:warn] [pid 2680:tid 584] AH00098: pid file C:/Users/John/Desktop/UniServerZ/core/apache2/logs/httpd.pid overwritten -- Unclean shutdown of previous Apache run?
[Wed Mar 19 16:50:34.986976 2025] [mpm_winnt:notice] [pid 2680:tid 584] AH00455: Apache/2.4.58 (Win64) PHP/8.3.0 configured -- resuming normal operations
[Wed Mar 19 16:50:34.986976 2025] [mpm_winnt:notice] [pid 2680:tid 584] AH00456: Apache Lounge VS17 Server built: Oct 18 2023 13:03:18
[Wed Mar 19 16:50:34.986976 2025] [core:notice] [pid 2680:tid 584] AH00094: Command line: 'C:\\Users\\John\\Desktop\\UniServerZ\\core\\apache2\\bin\\httpd_z.exe -d C:/Users/John/Desktop/UniServerZ/core/apache2 -f C:\\Users\\John\\Desktop\\UniServerZ\\core\\apache2\\conf\\httpd.conf -d C:\\Users\\John\\Desktop\\UniServerZ\\core\\apache2'
[Wed Mar 19 16:50:34.998814 2025] [mpm_winnt:notice] [pid 2680:tid 584] AH00418: Parent: Created child process 31476
[Wed Mar 19 16:50:35.968413 2025] [mpm_winnt:notice] [pid 31476:tid 552] AH00354: Child: Starting 150 worker threads.
[Wed Mar 19 16:50:38.021545 2025] [php:error] [pid 31476:tid 1908] [client 127.0.0.1:65453] PHP Fatal error:  Uncaught mysqli_sql_exception: Access denied for user 'root'@'localhost' (using password: NO) in C:\\Users\\John\\Desktop\\UniServerZ\\www\\index.php:8\nStack trace:\n#0 C:\\Users\\John\\Desktop\\UniServerZ\\www\\index.php(8): mysqli->__construct()\n#1 {main}\n  thrown in C:\\Users\\John\\Desktop\\UniServerZ\\www\\index.php on line 8
[Wed Mar 19 16:52:53.967103 2025] [core:warn] [pid 14856:tid 588] AH00098: pid file C:/Users/John/Desktop/UniServerZ/core/apache2/logs/httpd.pid overwritten -- Unclean shutdown of previous Apache run?
[Wed Mar 19 16:52:54.024767 2025] [mpm_winnt:notice] [pid 14856:tid 588] AH00455: Apache/2.4.58 (Win64) PHP/8.3.0 configured -- resuming normal operations
[Wed Mar 19 16:52:54.024767 2025] [mpm_winnt:notice] [pid 14856:tid 588] AH00456: Apache Lounge VS17 Server built: Oct 18 2023 13:03:18
[Wed Mar 19 16:52:54.024767 2025] [core:notice] [pid 14856:tid 588] AH00094: Command line: 'C:\\Users\\John\\Desktop\\UniServerZ\\core\\apache2\\bin\\httpd_z.exe -d C:/Users/John/Desktop/UniServerZ/core/apache2 -f C:\\Users\\John\\Desktop\\UniServerZ\\core\\apache2\\conf\\httpd.conf -d C:\\Users\\John\\Desktop\\UniServerZ\\core\\apache2'
[Wed Mar 19 16:52:54.042629 2025] [mpm_winnt:notice] [pid 14856:tid 588] AH00418: Parent: Created child process 43028
[Wed Mar 19 16:52:55.034475 2025] [mpm_winnt:notice] [pid 43028:tid 552] AH00354: Child: Starting 150 worker threads.
[Wed Mar 19 16:52:57.070675 2025] [php:error] [pid 43028:tid 1928] [client ::1:49450] PHP Fatal error:  Uncaught mysqli_sql_exception: Access denied for user 'root'@'localhost' (using password: NO) in C:\\Users\\John\\Desktop\\UniServerZ\\www\\index.php:8\nStack trace:\n#0 C:\\Users\\John\\Desktop\\UniServerZ\\www\\index.php(8): mysqli->__construct()\n#1 {main}\n  thrown in C:\\Users\\John\\Desktop\\UniServerZ\\www\\index.php on line 8
[Wed Mar 19 16:59:51.848896 2025] [core:warn] [pid 10776:tid 548] AH00098: pid file C:/Users/John/Desktop/UniServerZ/core/apache2/logs/httpd.pid overwritten -- Unclean shutdown of previous Apache run?
[Wed Mar 19 16:59:51.910201 2025] [mpm_winnt:notice] [pid 10776:tid 548] AH00455: Apache/2.4.58 (Win64) PHP/8.3.0 configured -- resuming normal operations
[Wed Mar 19 16:59:51.910201 2025] [mpm_winnt:notice] [pid 10776:tid 548] AH00456: Apache Lounge VS17 Server built: Oct 18 2023 13:03:18
[Wed Mar 19 16:59:51.910201 2025] [core:notice] [pid 10776:tid 548] AH00094: Command line: 'C:\\Users\\John\\Desktop\\UniServerZ\\core\\apache2\\bin\\httpd_z.exe -d C:/Users/John/Desktop/UniServerZ/core/apache2 -f C:\\Users\\John\\Desktop\\UniServerZ\\core\\apache2\\conf\\httpd.conf -d C:\\Users\\John\\Desktop\\UniServerZ\\core\\apache2'
[Wed Mar 19 16:59:51.919465 2025] [mpm_winnt:notice] [pid 10776:tid 548] AH00418: Parent: Created child process 32124
[Wed Mar 19 16:59:52.860124 2025] [mpm_winnt:notice] [pid 32124:tid 544] AH00354: Child: Starting 150 worker threads.
[Wed Mar 19 16:59:52.866300 2025] [php:error] [pid 32124:tid 1932] [client ::1:49976] script 'C:/Users/John/Desktop/UniServerZ/www/index.php' not found or unable to stat
[Wed Mar 19 17:01:49.140534 2025] [core:warn] [pid 688:tid 548] AH00098: pid file C:/Users/John/Desktop/UniServerZ/core/apache2/logs/httpd.pid overwritten -- Unclean shutdown of previous Apache run?
[Wed Mar 19 17:01:49.194665 2025] [mpm_winnt:notice] [pid 688:tid 548] AH00455: Apache/2.4.58 (Win64) PHP/8.3.0 configured -- resuming normal operations
[Wed Mar 19 17:01:49.195176 2025] [mpm_winnt:notice] [pid 688:tid 548] AH00456: Apache Lounge VS17 Server built: Oct 18 2023 13:03:18
[Wed Mar 19 17:01:49.195176 2025] [core:notice] [pid 688:tid 548] AH00094: Command line: 'C:\\Users\\John\\Desktop\\UniServerZ\\core\\apache2\\bin\\httpd_z.exe -d C:/Users/John/Desktop/UniServerZ/core/apache2 -f C:\\Users\\John\\Desktop\\UniServerZ\\core\\apache2\\conf\\httpd.conf -d C:\\Users\\John\\Desktop\\UniServerZ\\core\\apache2'
[Wed Mar 19 17:01:49.203351 2025] [mpm_winnt:notice] [pid 688:tid 548] AH00418: Parent: Created child process 38180
[Wed Mar 19 17:01:50.175342 2025] [mpm_winnt:notice] [pid 38180:tid 544] AH00354: Child: Starting 150 worker threads.
[Wed Mar 19 17:01:50.180939 2025] [php:error] [pid 38180:tid 1924] [client ::1:59039] script 'C:/Users/John/Desktop/UniServerZ/www/index.php' not found or unable to stat
[Wed Mar 19 17:04:01.108762 2025] [php:error] [pid 38180:tid 1916] [client ::1:59222] script 'C:/Users/John/Desktop/UniServerZ/www/index.php' not found or unable to stat
[Wed Mar 19 17:54:39.492056 2025] [php:error] [pid 38180:tid 1904] [client ::1:50190] script 'C:/Users/John/Desktop/UniServerZ/www/get_entries.php' not found or unable to stat, referer: http://localhost/?days_passed=3&sleep_score=52&sleep_hours=8&sleep_minutes=32&day_nap=on
[Wed Mar 19 17:55:06.881268 2025] [php:error] [pid 38180:tid 1904] [client ::1:50211] script 'C:/Users/John/Desktop/UniServerZ/www/get_entries.php' not found or unable to stat, referer: http://localhost/?days_passed=3&sleep_score=52&sleep_hours=8&sleep_minutes=32&day_nap=on
[Wed Mar 19 17:56:13.412400 2025] [php:error] [pid 38180:tid 1888] [client ::1:50248] PHP Fatal error:  Uncaught mysqli_sql_exception: Access denied for user 'root'@'localhost' (using password: NO) in C:\\Users\\John\\Desktop\\UniServerZ\\www\\get_entries.php:2\nStack trace:\n#0 C:\\Users\\John\\Desktop\\UniServerZ\\www\\get_entries.php(2): mysqli->__construct()\n#1 {main}\n  thrown in C:\\Users\\John\\Desktop\\UniServerZ\\www\\get_entries.php on line 2, referer: http://localhost/?days_passed=3&sleep_score=52&sleep_hours=8&sleep_minutes=32&day_nap=on
[Wed Mar 19 17:56:16.738793 2025] [php:error] [pid 38180:tid 1904] [client ::1:50249] PHP Fatal error:  Uncaught mysqli_sql_exception: Access denied for user 'root'@'localhost' (using password: NO) in C:\\Users\\John\\Desktop\\UniServerZ\\www\\get_entries.php:2\nStack trace:\n#0 C:\\Users\\John\\Desktop\\UniServerZ\\www\\get_entries.php(2): mysqli->__construct()\n#1 {main}\n  thrown in C:\\Users\\John\\Desktop\\UniServerZ\\www\\get_entries.php on line 2, referer: http://localhost/?days_passed=3&sleep_score=52&sleep_hours=8&sleep_minutes=32&day_nap=on
[Wed Mar 19 17:56:17.511654 2025] [php:error] [pid 38180:tid 1916] [client ::1:50255] PHP Fatal error:  Uncaught mysqli_sql_exception: Access denied for user 'root'@'localhost' (using password: NO) in C:\\Users\\John\\Desktop\\UniServerZ\\www\\get_entries.php:2\nStack trace:\n#0 C:\\Users\\John\\Desktop\\UniServerZ\\www\\get_entries.php(2): mysqli->__construct()\n#1 {main}\n  thrown in C:\\Users\\John\\Desktop\\UniServerZ\\www\\get_entries.php on line 2, referer: http://localhost/?days_passed=3&sleep_score=52&sleep_hours=8&sleep_minutes=32&day_nap=on
[Wed Mar 19 17:56:18.144227 2025] [php:error] [pid 38180:tid 1924] [client ::1:50257] PHP Fatal error:  Uncaught mysqli_sql_exception: Access denied for user 'root'@'localhost' (using password: NO) in C:\\Users\\John\\Desktop\\UniServerZ\\www\\get_entries.php:2\nStack trace:\n#0 C:\\Users\\John\\Desktop\\UniServerZ\\www\\get_entries.php(2): mysqli->__construct()\n#1 {main}\n  thrown in C:\\Users\\John\\Desktop\\UniServerZ\\www\\get_entries.php on line 2, referer: http://localhost/?days_passed=3&sleep_score=52&sleep_hours=8&sleep_minutes=32&day_nap=on
[Wed Mar 19 17:56:28.657508 2025] [php:error] [pid 38180:tid 1924] [client ::1:56300] PHP Fatal error:  Uncaught mysqli_sql_exception: Access denied for user 'root'@'localhost' (using password: NO) in C:\\Users\\John\\Desktop\\UniServerZ\\www\\get_entries.php:2\nStack trace:\n#0 C:\\Users\\John\\Desktop\\UniServerZ\\www\\get_entries.php(2): mysqli->__construct()\n#1 {main}\n  thrown in C:\\Users\\John\\Desktop\\UniServerZ\\www\\get_entries.php on line 2, referer: http://localhost/?days_passed=3&sleep_score=52&sleep_hours=8&sleep_minutes=32&day_nap=on
[Wed Mar 19 17:56:30.445103 2025] [php:error] [pid 38180:tid 1916] [client ::1:56302] PHP Fatal error:  Uncaught mysqli_sql_exception: Access denied for user 'root'@'localhost' (using password: NO) in C:\\Users\\John\\Desktop\\UniServerZ\\www\\get_entries.php:2\nStack trace:\n#0 C:\\Users\\John\\Desktop\\UniServerZ\\www\\get_entries.php(2): mysqli->__construct()\n#1 {main}\n  thrown in C:\\Users\\John\\Desktop\\UniServerZ\\www\\get_entries.php on line 2, referer: http://localhost/?days_passed=3&sleep_score=52&sleep_hours=8&sleep_minutes=32&day_nap=on
[Wed Mar 19 17:58:19.559864 2025] [php:error] [pid 38180:tid 1904] [client ::1:56439] PHP Fatal error:  Uncaught mysqli_sql_exception: Access denied for user 'root'@'localhost' (using password: NO) in C:\\Users\\John\\Desktop\\UniServerZ\\www\\get_entries.php:2\nStack trace:\n#0 C:\\Users\\John\\Desktop\\UniServerZ\\www\\get_entries.php(2): mysqli->__construct()\n#1 {main}\n  thrown in C:\\Users\\John\\Desktop\\UniServerZ\\www\\get_entries.php on line 2, referer: http://localhost/?days_passed=3&sleep_score=52&sleep_hours=8&sleep_minutes=32&day_nap=on
[Wed Mar 19 17:58:19.899494 2025] [php:error] [pid 38180:tid 1912] [client ::1:56438] PHP Fatal error:  Uncaught mysqli_sql_exception: Access denied for user 'root'@'localhost' (using password: NO) in C:\\Users\\John\\Desktop\\UniServerZ\\www\\get_entries.php:2\nStack trace:\n#0 C:\\Users\\John\\Desktop\\UniServerZ\\www\\get_entries.php(2): mysqli->__construct()\n#1 {main}\n  thrown in C:\\Users\\John\\Desktop\\UniServerZ\\www\\get_entries.php on line 2, referer: http://localhost/?days_passed=3&sleep_score=52&sleep_hours=8&sleep_minutes=32&day_nap=on
[Wed Mar 19 17:58:21.809210 2025] [php:error] [pid 38180:tid 1924] [client ::1:56433] PHP Fatal error:  Uncaught mysqli_sql_exception: Access denied for user 'root'@'localhost' (using password: NO) in C:\\Users\\John\\Desktop\\UniServerZ\\www\\get_entries.php:2\nStack trace:\n#0 C:\\Users\\John\\Desktop\\UniServerZ\\www\\get_entries.php(2): mysqli->__construct()\n#1 {main}\n  thrown in C:\\Users\\John\\Desktop\\UniServerZ\\www\\get_entries.php on line 2, referer: http://localhost/?days_passed=3&sleep_score=52&sleep_hours=8&sleep_minutes=32&day_nap=on
[Wed Mar 19 17:58:22.992632 2025] [php:error] [pid 38180:tid 1912] [client ::1:56462] PHP Fatal error:  Uncaught mysqli_sql_exception: Access denied for user 'root'@'localhost' (using password: NO) in C:\\Users\\John\\Desktop\\UniServerZ\\www\\get_entries.php:2\nStack trace:\n#0 C:\\Users\\John\\Desktop\\UniServerZ\\www\\get_entries.php(2): mysqli->__construct()\n#1 {main}\n  thrown in C:\\Users\\John\\Desktop\\UniServerZ\\www\\get_entries.php on line 2, referer: http://localhost/?days_passed=3&sleep_score=52&sleep_hours=8&sleep_minutes=32&day_nap=on
[Wed Mar 19 17:58:25.760181 2025] [php:error] [pid 38180:tid 1916] [client ::1:56442] PHP Fatal error:  Uncaught mysqli_sql_exception: Access denied for user 'root'@'localhost' (using password: NO) in C:\\Users\\John\\Desktop\\UniServerZ\\www\\get_entries.php:2\nStack trace:\n#0 C:\\Users\\John\\Desktop\\UniServerZ\\www\\get_entries.php(2): mysqli->__construct()\n#1 {main}\n  thrown in C:\\Users\\John\\Desktop\\UniServerZ\\www\\get_entries.php on line 2, referer: http://localhost/
[Wed Mar 19 18:02:28.766593 2025] [php:error] [pid 38180:tid 1916] [client ::1:56773] PHP Fatal error:  Uncaught mysqli_sql_exception: Access denied for user 'root'@'localhost' (using password: NO) in C:\\Users\\John\\Desktop\\UniServerZ\\www\\process.php:6\nStack trace:\n#0 C:\\Users\\John\\Desktop\\UniServerZ\\www\\process.php(6): mysqli->__construct()\n#1 {main}\n  thrown in C:\\Users\\John\\Desktop\\UniServerZ\\www\\process.php on line 6, referer: http://localhost/
[Wed Mar 19 18:02:29.399987 2025] [php:error] [pid 38180:tid 1912] [client ::1:56781] PHP Fatal error:  Uncaught mysqli_sql_exception: Access denied for user 'root'@'localhost' (using password: NO) in C:\\Users\\John\\Desktop\\UniServerZ\\www\\process.php:6\nStack trace:\n#0 C:\\Users\\John\\Desktop\\UniServerZ\\www\\process.php(6): mysqli->__construct()\n#1 {main}\n  thrown in C:\\Users\\John\\Desktop\\UniServerZ\\www\\process.php on line 6, referer: http://localhost/
[Wed Mar 19 18:02:29.542015 2025] [php:error] [pid 38180:tid 1924] [client ::1:56783] PHP Fatal error:  Uncaught mysqli_sql_exception: Access denied for user 'root'@'localhost' (using password: NO) in C:\\Users\\John\\Desktop\\UniServerZ\\www\\process.php:6\nStack trace:\n#0 C:\\Users\\John\\Desktop\\UniServerZ\\www\\process.php(6): mysqli->__construct()\n#1 {main}\n  thrown in C:\\Users\\John\\Desktop\\UniServerZ\\www\\process.php on line 6, referer: http://localhost/
[Wed Mar 19 18:02:29.712577 2025] [php:error] [pid 38180:tid 1904] [client ::1:56785] PHP Fatal error:  Uncaught mysqli_sql_exception: Access denied for user 'root'@'localhost' (using password: NO) in C:\\Users\\John\\Desktop\\UniServerZ\\www\\process.php:6\nStack trace:\n#0 C:\\Users\\John\\Desktop\\UniServerZ\\www\\process.php(6): mysqli->__construct()\n#1 {main}\n  thrown in C:\\Users\\John\\Desktop\\UniServerZ\\www\\process.php on line 6, referer: http://localhost/
[Wed Mar 19 18:02:29.852792 2025] [php:error] [pid 38180:tid 1888] [client ::1:56787] PHP Fatal error:  Uncaught mysqli_sql_exception: Access denied for user 'root'@'localhost' (using password: NO) in C:\\Users\\John\\Desktop\\UniServerZ\\www\\process.php:6\nStack trace:\n#0 C:\\Users\\John\\Desktop\\UniServerZ\\www\\process.php(6): mysqli->__construct()\n#1 {main}\n  thrown in C:\\Users\\John\\Desktop\\UniServerZ\\www\\process.php on line 6, referer: http://localhost/
[Wed Mar 19 18:23:16.808037 2025] [php:warn] [pid 38180:tid 1904] [client ::1:58229] PHP Warning:  Undefined variable $conn in C:\\Users\\John\\Desktop\\UniServerZ\\www\\get_entries.php on line 28, referer: http://localhost/
[Wed Mar 19 18:23:16.808037 2025] [php:error] [pid 38180:tid 1904] [client ::1:58229] PHP Fatal error:  Uncaught Error: Call to a member function close() on null in C:\\Users\\John\\Desktop\\UniServerZ\\www\\get_entries.php:28\nStack trace:\n#0 {main}\n  thrown in C:\\Users\\John\\Desktop\\UniServerZ\\www\\get_entries.php on line 28, referer: http://localhost/
[Wed Mar 19 18:25:12.149626 2025] [php:warn] [pid 38180:tid 1888] [client ::1:58369] PHP Warning:  Undefined variable $conn in C:\\Users\\John\\Desktop\\UniServerZ\\www\\process.php on line 53, referer: http://localhost/
[Wed Mar 19 18:25:12.149626 2025] [php:error] [pid 38180:tid 1888] [client ::1:58369] PHP Fatal error:  Uncaught Error: Call to a member function close() on null in C:\\Users\\John\\Desktop\\UniServerZ\\www\\process.php:53\nStack trace:\n#0 {main}\n  thrown in C:\\Users\\John\\Desktop\\UniServerZ\\www\\process.php on line 53, referer: http://localhost/
[Wed Mar 19 18:25:14.210749 2025] [php:warn] [pid 38180:tid 1904] [client ::1:58373] PHP Warning:  Undefined variable $conn in C:\\Users\\John\\Desktop\\UniServerZ\\www\\process.php on line 53, referer: http://localhost/
[Wed Mar 19 18:25:14.211309 2025] [php:error] [pid 38180:tid 1904] [client ::1:58373] PHP Fatal error:  Uncaught Error: Call to a member function close() on null in C:\\Users\\John\\Desktop\\UniServerZ\\www\\process.php:53\nStack trace:\n#0 {main}\n  thrown in C:\\Users\\John\\Desktop\\UniServerZ\\www\\process.php on line 53, referer: http://localhost/
[Wed Mar 19 18:25:14.366032 2025] [php:warn] [pid 38180:tid 1888] [client ::1:58376] PHP Warning:  Undefined variable $conn in C:\\Users\\John\\Desktop\\UniServerZ\\www\\process.php on line 53, referer: http://localhost/
[Wed Mar 19 18:25:14.366032 2025] [php:error] [pid 38180:tid 1888] [client ::1:58376] PHP Fatal error:  Uncaught Error: Call to a member function close() on null in C:\\Users\\John\\Desktop\\UniServerZ\\www\\process.php:53\nStack trace:\n#0 {main}\n  thrown in C:\\Users\\John\\Desktop\\UniServerZ\\www\\process.php on line 53, referer: http://localhost/
[Wed Mar 19 18:25:14.567111 2025] [php:warn] [pid 38180:tid 1924] [client ::1:58378] PHP Warning:  Undefined variable $conn in C:\\Users\\John\\Desktop\\UniServerZ\\www\\process.php on line 53, referer: http://localhost/
[Wed Mar 19 18:25:14.567111 2025] [php:error] [pid 38180:tid 1924] [client ::1:58378] PHP Fatal error:  Uncaught Error: Call to a member function close() on null in C:\\Users\\John\\Desktop\\UniServerZ\\www\\process.php:53\nStack trace:\n#0 {main}\n  thrown in C:\\Users\\John\\Desktop\\UniServerZ\\www\\process.php on line 53, referer: http://localhost/
[Wed Mar 19 18:26:37.337015 2025] [php:warn] [pid 38180:tid 1888] [client ::1:58461] PHP Warning:  Undefined variable $conn in C:\\Users\\John\\Desktop\\UniServerZ\\www\\get_entries.php on line 28, referer: http://localhost/
[Wed Mar 19 18:26:37.337519 2025] [php:error] [pid 38180:tid 1888] [client ::1:58461] PHP Fatal error:  Uncaught Error: Call to a member function close() on null in C:\\Users\\John\\Desktop\\UniServerZ\\www\\get_entries.php:28\nStack trace:\n#0 {main}\n  thrown in C:\\Users\\John\\Desktop\\UniServerZ\\www\\get_entries.php on line 28, referer: http://localhost/
[Wed Mar 19 18:27:45.087100 2025] [php:warn] [pid 38180:tid 1924] [client ::1:58546] PHP Warning:  Undefined variable $conn in C:\\Users\\John\\Desktop\\UniServerZ\\www\\get_entries.php on line 28, referer: http://localhost/
[Wed Mar 19 18:27:45.087100 2025] [php:error] [pid 38180:tid 1924] [client ::1:58546] PHP Fatal error:  Uncaught Error: Call to a member function close() on null in C:\\Users\\John\\Desktop\\UniServerZ\\www\\get_entries.php:28\nStack trace:\n#0 {main}\n  thrown in C:\\Users\\John\\Desktop\\UniServerZ\\www\\get_entries.php on line 28, referer: http://localhost/
[Wed Mar 19 18:29:10.857548 2025] [php:warn] [pid 38180:tid 1888] [client ::1:58642] PHP Warning:  Undefined variable $conn in C:\\Users\\John\\Desktop\\UniServerZ\\www\\get_entries.php on line 28, referer: http://localhost/
[Wed Mar 19 18:29:10.857548 2025] [php:error] [pid 38180:tid 1888] [client ::1:58642] PHP Fatal error:  Uncaught Error: Call to a member function close() on null in C:\\Users\\John\\Desktop\\UniServerZ\\www\\get_entries.php:28\nStack trace:\n#0 {main}\n  thrown in C:\\Users\\John\\Desktop\\UniServerZ\\www\\get_entries.php on line 28, referer: http://localhost/
[Wed Mar 19 18:34:01.419267 2025] [php:warn] [pid 38180:tid 1888] [client ::1:58995] PHP Warning:  Undefined variable $conn in C:\\Users\\John\\Desktop\\UniServerZ\\www\\get_entries.php on line 28, referer: http://localhost/
[Wed Mar 19 18:34:01.419267 2025] [php:error] [pid 38180:tid 1888] [client ::1:58995] PHP Fatal error:  Uncaught Error: Call to a member function close() on null in C:\\Users\\John\\Desktop\\UniServerZ\\www\\get_entries.php:28\nStack trace:\n#0 {main}\n  thrown in C:\\Users\\John\\Desktop\\UniServerZ\\www\\get_entries.php on line 28, referer: http://localhost/
[Wed Mar 19 18:34:34.378772 2025] [php:warn] [pid 38180:tid 1924] [client ::1:59043] PHP Warning:  Undefined variable $conn in C:\\Users\\John\\Desktop\\UniServerZ\\www\\get_entries.php on line 28, referer: http://localhost/
[Wed Mar 19 18:34:34.378772 2025] [php:error] [pid 38180:tid 1924] [client ::1:59043] PHP Fatal error:  Uncaught Error: Call to a member function close() on null in C:\\Users\\John\\Desktop\\UniServerZ\\www\\get_entries.php:28\nStack trace:\n#0 {main}\n  thrown in C:\\Users\\John\\Desktop\\UniServerZ\\www\\get_entries.php on line 28, referer: http://localhost/
[Wed Mar 19 18:34:34.564927 2025] [php:warn] [pid 38180:tid 1888] [client ::1:59044] PHP Warning:  Undefined variable $conn in C:\\Users\\John\\Desktop\\UniServerZ\\www\\get_entries.php on line 28, referer: http://localhost/
[Wed Mar 19 18:34:34.564927 2025] [php:error] [pid 38180:tid 1888] [client ::1:59044] PHP Fatal error:  Uncaught Error: Call to a member function close() on null in C:\\Users\\John\\Desktop\\UniServerZ\\www\\get_entries.php:28\nStack trace:\n#0 {main}\n  thrown in C:\\Users\\John\\Desktop\\UniServerZ\\www\\get_entries.php on line 28, referer: http://localhost/
[Wed Mar 19 18:34:35.352802 2025] [php:warn] [pid 38180:tid 1912] [client ::1:59048] PHP Warning:  Undefined variable $conn in C:\\Users\\John\\Desktop\\UniServerZ\\www\\get_entries.php on line 28, referer: http://localhost/
[Wed Mar 19 18:34:35.352802 2025] [php:error] [pid 38180:tid 1912] [client ::1:59048] PHP Fatal error:  Uncaught Error: Call to a member function close() on null in C:\\Users\\John\\Desktop\\UniServerZ\\www\\get_entries.php:28\nStack trace:\n#0 {main}\n  thrown in C:\\Users\\John\\Desktop\\UniServerZ\\www\\get_entries.php on line 28, referer: http://localhost/
[Wed Mar 19 18:34:36.464214 2025] [php:warn] [pid 38180:tid 1924] [client ::1:59052] PHP Warning:  Undefined variable $conn in C:\\Users\\John\\Desktop\\UniServerZ\\www\\get_entries.php on line 28, referer: http://localhost/
[Wed Mar 19 18:34:36.464214 2025] [php:error] [pid 38180:tid 1924] [client ::1:59052] PHP Fatal error:  Uncaught Error: Call to a member function close() on null in C:\\Users\\John\\Desktop\\UniServerZ\\www\\get_entries.php:28\nStack trace:\n#0 {main}\n  thrown in C:\\Users\\John\\Desktop\\UniServerZ\\www\\get_entries.php on line 28, referer: http://localhost/
[Wed Mar 19 19:17:18.492327 2025] [php:warn] [pid 38180:tid 1912] [client ::1:49986] PHP Warning:  require(config.php): Failed to open stream: No such file or directory in C:\\Users\\John\\Desktop\\UniServerZ\\www\\test_db.php on line 2
[Wed Mar 19 19:17:18.492327 2025] [php:error] [pid 38180:tid 1912] [client ::1:49986] PHP Fatal error:  Uncaught Error: Failed opening required 'config.php' (include_path='.;C:/Users/John/Desktop/UniServerZ/home/us_pear/PEAR') in C:\\Users\\John\\Desktop\\UniServerZ\\www\\test_db.php:2\nStack trace:\n#0 {main}\n  thrown in C:\\Users\\John\\Desktop\\UniServerZ\\www\\test_db.php on line 2
[Wed Mar 19 19:17:35.649878 2025] [php:warn] [pid 38180:tid 1912] [client ::1:52363] PHP Warning:  require(config.php): Failed to open stream: No such file or directory in C:\\Users\\John\\Desktop\\UniServerZ\\www\\test_db.php on line 2
[Wed Mar 19 19:17:35.649878 2025] [php:error] [pid 38180:tid 1912] [client ::1:52363] PHP Fatal error:  Uncaught Error: Failed opening required 'config.php' (include_path='.;C:/Users/John/Desktop/UniServerZ/home/us_pear/PEAR') in C:\\Users\\John\\Desktop\\UniServerZ\\www\\test_db.php:2\nStack trace:\n#0 {main}\n  thrown in C:\\Users\\John\\Desktop\\UniServerZ\\www\\test_db.php on line 2
[Wed Mar 19 19:18:10.238738 2025] [php:warn] [pid 38180:tid 1888] [client ::1:52364] PHP Warning:  require(config.php): Failed to open stream: No such file or directory in C:\\Users\\John\\Desktop\\UniServerZ\\www\\test_db.php on line 2
[Wed Mar 19 19:18:10.238738 2025] [php:error] [pid 38180:tid 1888] [client ::1:52364] PHP Fatal error:  Uncaught Error: Failed opening required 'config.php' (include_path='.;C:/Users/John/Desktop/UniServerZ/home/us_pear/PEAR') in C:\\Users\\John\\Desktop\\UniServerZ\\www\\test_db.php:2\nStack trace:\n#0 {main}\n  thrown in C:\\Users\\John\\Desktop\\UniServerZ\\www\\test_db.php on line 2
[Wed Mar 19 19:19:35.857140 2025] [php:warn] [pid 38180:tid 1904] [client ::1:52511] PHP Warning:  require(config.php): Failed to open stream: No such file or directory in C:\\Users\\John\\Desktop\\UniServerZ\\www\\test_db.php on line 2
[Wed Mar 19 19:19:35.857140 2025] [php:error] [pid 38180:tid 1904] [client ::1:52511] PHP Fatal error:  Uncaught Error: Failed opening required 'config.php' (include_path='.;C:/Users/John/Desktop/UniServerZ/home/us_pear/PEAR') in C:\\Users\\John\\Desktop\\UniServerZ\\www\\test_db.php:2\nStack trace:\n#0 {main}\n  thrown in C:\\Users\\John\\Desktop\\UniServerZ\\www\\test_db.php on line 2
[Wed Mar 19 19:25:03.324880 2025] [php:warn] [pid 38180:tid 1924] [client ::1:63114] PHP Warning:  Undefined variable $conn in C:\\Users\\John\\Desktop\\UniServerZ\\www\\test_db.php on line 3
[Wed Mar 19 19:25:03.324880 2025] [php:error] [pid 38180:tid 1924] [client ::1:63114] PHP Fatal error:  Uncaught Error: Call to a member function ping() on null in C:\\Users\\John\\Desktop\\UniServerZ\\www\\test_db.php:3\nStack trace:\n#0 {main}\n  thrown in C:\\Users\\John\\Desktop\\UniServerZ\\www\\test_db.php on line 3
[Wed Mar 19 19:25:06.528763 2025] [php:warn] [pid 38180:tid 1904] [client ::1:63115] PHP Warning:  Undefined variable $conn in C:\\Users\\John\\Desktop\\UniServerZ\\www\\test_insert.php on line 7
[Wed Mar 19 19:25:06.528763 2025] [php:error] [pid 38180:tid 1904] [client ::1:63115] PHP Fatal error:  Uncaught Error: Call to a member function query() on null in C:\\Users\\John\\Desktop\\UniServerZ\\www\\test_insert.php:7\nStack trace:\n#0 {main}\n  thrown in C:\\Users\\John\\Desktop\\UniServerZ\\www\\test_insert.php on line 7
[Wed Mar 19 19:25:29.363569 2025] [php:warn] [pid 38180:tid 1904] [client ::1:63140] PHP Warning:  Undefined variable $conn in C:\\Users\\John\\Desktop\\UniServerZ\\www\\get_entries.php on line 7
[Wed Mar 19 19:25:29.363569 2025] [php:error] [pid 38180:tid 1904] [client ::1:63140] PHP Fatal error:  Uncaught Error: Call to a member function query() on null in C:\\Users\\John\\Desktop\\UniServerZ\\www\\get_entries.php:7\nStack trace:\n#0 {main}\n  thrown in C:\\Users\\John\\Desktop\\UniServerZ\\www\\get_entries.php on line 7
[Wed Mar 19 19:27:01.605536 2025] [core:warn] [pid 33576:tid 568] AH00098: pid file C:/Users/John/Desktop/UniServerZ/core/apache2/logs/httpd.pid overwritten -- Unclean shutdown of previous Apache run?
[Wed Mar 19 19:27:01.859736 2025] [mpm_winnt:notice] [pid 33576:tid 568] AH00455: Apache/2.4.58 (Win64) PHP/8.3.0 configured -- resuming normal operations
[Wed Mar 19 19:27:01.859736 2025] [mpm_winnt:notice] [pid 33576:tid 568] AH00456: Apache Lounge VS17 Server built: Oct 18 2023 13:03:18
[Wed Mar 19 19:27:01.859736 2025] [core:notice] [pid 33576:tid 568] AH00094: Command line: 'C:\\Users\\John\\Desktop\\UniServerZ\\core\\apache2\\bin\\httpd_z.exe -d C:/Users/John/Desktop/UniServerZ/core/apache2 -f C:\\Users\\John\\Desktop\\UniServerZ\\core\\apache2\\conf\\httpd.conf -d C:\\Users\\John\\Desktop\\UniServerZ\\core\\apache2'
[Wed Mar 19 19:27:01.880306 2025] [mpm_winnt:notice] [pid 33576:tid 568] AH00418: Parent: Created child process 16028
[Wed Mar 19 19:27:02.721439 2025] [mpm_winnt:notice] [pid 16028:tid 560] AH00354: Child: Starting 150 worker threads.
[Wed Mar 19 19:27:02.728086 2025] [php:error] [pid 16028:tid 1924] [client ::1:63203] script 'C:/Users/John/Desktop/UniServerZ/www/index.php' not found or unable to stat
[Wed Mar 19 19:27:08.240467 2025] [php:error] [pid 16028:tid 1916] [client ::1:63215] script 'C:/Users/John/Desktop/UniServerZ/www/index.php' not found or unable to stat
[Wed Mar 19 19:31:22.674062 2025] [core:warn] [pid 42120:tid 576] AH00098: pid file C:/Users/John/Desktop/UniServerZ/core/apache2/logs/httpd.pid overwritten -- Unclean shutdown of previous Apache run?
[Wed Mar 19 19:31:22.725157 2025] [mpm_winnt:notice] [pid 42120:tid 576] AH00455: Apache/2.4.58 (Win64) PHP/8.3.0 configured -- resuming normal operations
[Wed Mar 19 19:31:22.725157 2025] [mpm_winnt:notice] [pid 42120:tid 576] AH00456: Apache Lounge VS17 Server built: Oct 18 2023 13:03:18
[Wed Mar 19 19:31:22.725157 2025] [core:notice] [pid 42120:tid 576] AH00094: Command line: 'C:\\Users\\John\\Desktop\\UniServerZ\\core\\apache2\\bin\\httpd_z.exe -d C:/Users/John/Desktop/UniServerZ/core/apache2 -f C:\\Users\\John\\Desktop\\UniServerZ\\core\\apache2\\conf\\httpd.conf -d C:\\Users\\John\\Desktop\\UniServerZ\\core\\apache2'
[Wed Mar 19 19:31:22.732333 2025] [mpm_winnt:notice] [pid 42120:tid 576] AH00418: Parent: Created child process 19680
[Wed Mar 19 19:31:24.788368 2025] [mpm_winnt:notice] [pid 19680:tid 552] AH00354: Child: Starting 150 worker threads.
[Wed Mar 19 19:31:24.793536 2025] [php:error] [pid 19680:tid 1940] [client ::1:63487] script 'C:/Users/John/Desktop/UniServerZ/www/index.php' not found or unable to stat
[Wed Mar 19 19:31:32.781811 2025] [php:error] [pid 19680:tid 1932] [client ::1:63508] script 'C:/Users/John/Desktop/UniServerZ/www/index.php' not found or unable to stat
[Wed Mar 19 19:34:18.887223 2025] [php:warn] [pid 19680:tid 1940] [client ::1:63643] PHP Warning:  Undefined variable $conn in C:\\Users\\John\\Desktop\\UniServerZ\\www\\test_db.php on line 4
[Wed Mar 19 19:34:18.887223 2025] [php:warn] [pid 19680:tid 1940] [client ::1:63643] PHP Warning:  Attempt to read property "connect_error" on null in C:\\Users\\John\\Desktop\\UniServerZ\\www\\test_db.php on line 4
[Wed Mar 19 19:34:18.887223 2025] [php:warn] [pid 19680:tid 1940] [client ::1:63643] PHP Warning:  Undefined variable $conn in C:\\Users\\John\\Desktop\\UniServerZ\\www\\test_db.php on line 9
[Wed Mar 19 19:34:18.887223 2025] [php:error] [pid 19680:tid 1940] [client ::1:63643] PHP Fatal error:  Uncaught Error: Call to a member function query() on null in C:\\Users\\John\\Desktop\\UniServerZ\\www\\test_db.php:9\nStack trace:\n#0 {main}\n  thrown in C:\\Users\\John\\Desktop\\UniServerZ\\www\\test_db.php on line 9
[Wed Mar 19 19:34:28.655544 2025] [php:warn] [pid 19680:tid 1932] [client ::1:63644] PHP Warning:  Undefined variable $conn in C:\\Users\\John\\Desktop\\UniServerZ\\www\\test_db.php on line 4
[Wed Mar 19 19:34:28.655544 2025] [php:warn] [pid 19680:tid 1932] [client ::1:63644] PHP Warning:  Attempt to read property "connect_error" on null in C:\\Users\\John\\Desktop\\UniServerZ\\www\\test_db.php on line 4
[Wed Mar 19 19:34:28.655544 2025] [php:warn] [pid 19680:tid 1932] [client ::1:63644] PHP Warning:  Undefined variable $conn in C:\\Users\\John\\Desktop\\UniServerZ\\www\\test_db.php on line 9
[Wed Mar 19 19:34:28.655544 2025] [php:error] [pid 19680:tid 1932] [client ::1:63644] PHP Fatal error:  Uncaught Error: Call to a member function query() on null in C:\\Users\\John\\Desktop\\UniServerZ\\www\\test_db.php:9\nStack trace:\n#0 {main}\n  thrown in C:\\Users\\John\\Desktop\\UniServerZ\\www\\test_db.php on line 9
[Wed Mar 19 19:46:27.072572 2025] [php:error] [pid 19680:tid 1940] [client ::1:64719] script 'C:/Users/John/Desktop/UniServerZ/www/index.php' not found or unable to stat
[Wed Mar 19 19:46:27.279290 2025] [php:warn] [pid 19680:tid 1940] [client ::1:64719] PHP Warning:  Undefined variable $conn in C:\\Users\\John\\Desktop\\UniServerZ\\www\\test_db.php on line 4
[Wed Mar 19 19:46:27.279290 2025] [php:warn] [pid 19680:tid 1940] [client ::1:64719] PHP Warning:  Attempt to read property "connect_error" on null in C:\\Users\\John\\Desktop\\UniServerZ\\www\\test_db.php on line 4
[Wed Mar 19 19:46:27.279290 2025] [php:warn] [pid 19680:tid 1940] [client ::1:64719] PHP Warning:  Undefined variable $conn in C:\\Users\\John\\Desktop\\UniServerZ\\www\\test_db.php on line 9
[Wed Mar 19 19:46:27.279290 2025] [php:error] [pid 19680:tid 1940] [client ::1:64719] PHP Fatal error:  Uncaught Error: Call to a member function query() on null in C:\\Users\\John\\Desktop\\UniServerZ\\www\\test_db.php:9\nStack trace:\n#0 {main}\n  thrown in C:\\Users\\John\\Desktop\\UniServerZ\\www\\test_db.php on line 9
[Wed Mar 19 19:48:32.143255 2025] [php:warn] [pid 19680:tid 1940] [client ::1:65207] PHP Warning:  Undefined variable $conn in C:\\Users\\John\\Desktop\\UniServerZ\\www\\get_entries.php on line 7
[Wed Mar 19 19:48:32.143255 2025] [php:error] [pid 19680:tid 1940] [client ::1:65207] PHP Fatal error:  Uncaught Error: Call to a member function query() on null in C:\\Users\\John\\Desktop\\UniServerZ\\www\\get_entries.php:7\nStack trace:\n#0 {main}\n  thrown in C:\\Users\\John\\Desktop\\UniServerZ\\www\\get_entries.php on line 7
[Thu Mar 20 01:05:58.279358 2025] [core:warn] [pid 45204:tid 548] AH00098: pid file C:/Users/John/Desktop/UniServerZ/core/apache2/logs/httpd.pid overwritten -- Unclean shutdown of previous Apache run?
[Thu Mar 20 01:05:58.503123 2025] [mpm_winnt:notice] [pid 45204:tid 548] AH00455: Apache/2.4.58 (Win64) PHP/8.3.0 configured -- resuming normal operations
[Thu Mar 20 01:05:58.503123 2025] [mpm_winnt:notice] [pid 45204:tid 548] AH00456: Apache Lounge VS17 Server built: Oct 18 2023 13:03:18
[Thu Mar 20 01:05:58.503123 2025] [core:notice] [pid 45204:tid 548] AH00094: Command line: 'C:\\Users\\John\\Desktop\\UniServerZ\\core\\apache2\\bin\\httpd_z.exe -d C:/Users/John/Desktop/UniServerZ/core/apache2 -f C:\\Users\\John\\Desktop\\UniServerZ\\core\\apache2\\conf\\httpd.conf -d C:\\Users\\John\\Desktop\\UniServerZ\\core\\apache2'
[Thu Mar 20 01:05:58.522104 2025] [mpm_winnt:notice] [pid 45204:tid 548] AH00418: Parent: Created child process 37776
[Thu Mar 20 01:05:59.550165 2025] [mpm_winnt:notice] [pid 37776:tid 556] AH00354: Child: Starting 150 worker threads.
[Thu Mar 20 01:05:59.556847 2025] [php:error] [pid 37776:tid 1948] [client ::1:59173] script 'C:/Users/John/Desktop/UniServerZ/www/index.php' not found or unable to stat
[Thu Mar 20 01:06:03.564175 2025] [php:error] [pid 37776:tid 1940] [client ::1:59174] script 'C:/Users/John/Desktop/UniServerZ/www/index.php' not found or unable to stat
[Thu Mar 20 11:04:31.246992 2025] [core:warn] [pid 34628:tid 524] AH00098: pid file C:/Users/John/Desktop/UniServerZ/core/apache2/logs/httpd.pid overwritten -- Unclean shutdown of previous Apache run?
[Thu Mar 20 11:04:31.439346 2025] [mpm_winnt:notice] [pid 34628:tid 524] AH00455: Apache/2.4.58 (Win64) PHP/8.3.0 configured -- resuming normal operations
[Thu Mar 20 11:04:31.439346 2025] [mpm_winnt:notice] [pid 34628:tid 524] AH00456: Apache Lounge VS17 Server built: Oct 18 2023 13:03:18
[Thu Mar 20 11:04:31.439346 2025] [core:notice] [pid 34628:tid 524] AH00094: Command line: 'C:\\Users\\John\\Desktop\\UniServerZ\\core\\apache2\\bin\\httpd_z.exe -d C:/Users/John/Desktop/UniServerZ/core/apache2 -f C:\\Users\\John\\Desktop\\UniServerZ\\core\\apache2\\conf\\httpd.conf -d C:\\Users\\John\\Desktop\\UniServerZ\\core\\apache2'
[Thu Mar 20 11:04:31.455589 2025] [mpm_winnt:notice] [pid 34628:tid 524] AH00418: Parent: Created child process 43124
[Thu Mar 20 11:04:33.478159 2025] [mpm_winnt:notice] [pid 43124:tid 536] AH00354: Child: Starting 150 worker threads.
[Thu Mar 20 11:04:33.485775 2025] [php:error] [pid 43124:tid 1896] [client ::1:51217] script 'C:/Users/John/Desktop/UniServerZ/www/index.php' not found or unable to stat
[Thu Mar 20 11:04:36.380744 2025] [php:error] [pid 43124:tid 1888] [client ::1:51218] script 'C:/Users/John/Desktop/UniServerZ/www/index.php' not found or unable to stat
[Thu Mar 20 11:05:49.341192 2025] [php:warn] [pid 43124:tid 1880] [client ::1:51706] PHP Warning:  Undefined variable $conn in C:\\Users\\John\\Desktop\\UniServerZ\\www\\test_db.php on line 4
[Thu Mar 20 11:05:49.341192 2025] [php:warn] [pid 43124:tid 1880] [client ::1:51706] PHP Warning:  Attempt to read property "connect_error" on null in C:\\Users\\John\\Desktop\\UniServerZ\\www\\test_db.php on line 4
[Thu Mar 20 11:05:49.341192 2025] [php:warn] [pid 43124:tid 1880] [client ::1:51706] PHP Warning:  Undefined variable $conn in C:\\Users\\John\\Desktop\\UniServerZ\\www\\test_db.php on line 9
[Thu Mar 20 11:05:49.341192 2025] [php:error] [pid 43124:tid 1880] [client ::1:51706] PHP Fatal error:  Uncaught Error: Call to a member function query() on null in C:\\Users\\John\\Desktop\\UniServerZ\\www\\test_db.php:9\nStack trace:\n#0 {main}\n  thrown in C:\\Users\\John\\Desktop\\UniServerZ\\www\\test_db.php on line 9
[Thu Mar 20 18:39:36.577556 2025] [core:warn] [pid 32232:tid 484] AH00098: pid file C:/Users/John/Documents/GitHub/schedule-project/core/apache2/logs/httpd.pid overwritten -- Unclean shutdown of previous Apache run?
[Thu Mar 20 18:39:36.850046 2025] [mpm_winnt:notice] [pid 32232:tid 484] AH00455: Apache/2.4.58 (Win64) PHP/8.3.0 configured -- resuming normal operations
[Thu Mar 20 18:39:36.850046 2025] [mpm_winnt:notice] [pid 32232:tid 484] AH00456: Apache Lounge VS17 Server built: Oct 18 2023 13:03:18
[Thu Mar 20 18:39:36.850046 2025] [core:notice] [pid 32232:tid 484] AH00094: Command line: 'C:\\Users\\John\\Documents\\GitHub\\schedule-project\\core\\apache2\\bin\\httpd_z.exe -d C:/Users/John/Documents/GitHub/schedule-project/core/apache2 -f C:\\Users\\John\\Documents\\GitHub\\schedule-project\\core\\apache2\\conf\\httpd.conf -d C:\\Users\\John\\Documents\\GitHub\\schedule-project\\core\\apache2'
[Thu Mar 20 18:39:36.870555 2025] [mpm_winnt:notice] [pid 32232:tid 484] AH00418: Parent: Created child process 39656
[Thu Mar 20 18:39:37.931343 2025] [mpm_winnt:notice] [pid 39656:tid 556] AH00354: Child: Starting 150 worker threads.
[Thu Mar 20 18:39:37.938534 2025] [php:error] [pid 39656:tid 1916] [client ::1:49810] script 'C:/Users/John/Documents/GitHub/schedule-project/www/index.php' not found or unable to stat
